<?xml version="1.0" encoding="UTF-8"?>
<!-- Generated by org.testng.reporters.JUnitReportReporter -->
<testsuite skipped="0" hostname="LAP1180" name="com.qa.tests.LoginTests" tests="3" failures="0" timestamp="2022-05-10T13:10:26 UYT" time="9.572" errors="0">
  <testcase name="successfulLogin" time="3.731" classname="com.qa.tests.LoginTests"/>
  <system-out/>
  <testcase name="invalidPassword" time="3.392" classname="com.qa.tests.LoginTests"/>
  <system-out/>
  <testcase name="invalidUserName" time="2.449" classname="com.qa.tests.LoginTests"/>
  <system-out/>
</testsuite> <!-- com.qa.tests.LoginTests -->
