<?xml version="1.0" encoding="UTF-8"?>
<!-- Generated by org.testng.reporters.JUnitReportReporter -->
<testsuite skipped="0" hostname="LAP1180" name="com.qa.tests.LoginTests" tests="3" failures="0" timestamp="2022-05-09T16:39:54 UYT" time="10.668" errors="0">
  <testcase name="invalidPassword" time="4.437" classname="com.qa.tests.LoginTests"/>
  <system-out/>
  <testcase name="invalidUserName" time="2.450" classname="com.qa.tests.LoginTests"/>
  <system-out/>
  <testcase name="successfulLogin" time="3.781" classname="com.qa.tests.LoginTests"/>
  <system-out/>
</testsuite> <!-- com.qa.tests.LoginTests -->
