<?xml version="1.0" encoding="UTF-8"?>
<!-- Generated by org.testng.reporters.JUnitReportReporter -->
<testsuite hostname="LAP1180" failures="0" tests="2" name="com.qa.tests.ProductTest" time="19.311" errors="0" timestamp="2022-05-23T19:12:04 UYT" skipped="0">
  <testcase classname="com.qa.tests.ProductTest" name="validateProductOnProductDetails" time="12.162"/>
  <system-out/>
  <testcase classname="com.qa.tests.ProductTest" name="validateProductOnProductPage" time="7.149"/>
  <system-out/>
</testsuite> <!-- com.qa.tests.ProductTest -->
