<?xml version="1.0" encoding="UTF-8"?>
<!-- Generated by org.testng.reporters.JUnitReportReporter -->
<testsuite skipped="0" hostname="LAP1180" name="com.qa.tests.LoginTests" tests="3" failures="0" timestamp="2022-05-11T14:46:10 UYT" time="12.796" errors="0">
  <testcase name="invalidUserName" time="2.829" classname="com.qa.tests.LoginTests"/>
  <system-out/>
  <testcase name="successfulLogin" time="5.157" classname="com.qa.tests.LoginTests"/>
  <system-out/>
  <testcase name="invalidPassword" time="4.810" classname="com.qa.tests.LoginTests"/>
  <system-out/>
</testsuite> <!-- com.qa.tests.LoginTests -->
