<?xml version="1.0" encoding="UTF-8"?>
<!-- Generated by org.testng.reporters.JUnitReportReporter -->
<testsuite hostname="LAP1180" failures="0" tests="1" name="com.qa.tests.LogoutTest" time="3.598" errors="0" timestamp="2022-05-23T16:40:51 UYT" skipped="0">
  <testcase classname="com.qa.tests.LogoutTest" name="successfulLogout" time="3.598"/>
  <system-out/>
</testsuite> <!-- com.qa.tests.LogoutTest -->
