<?xml version="1.0" encoding="UTF-8"?>
<!-- Generated by org.testng.reporters.JUnitReportReporter -->
<testsuite hostname="LAP1180" failures="0" tests="3" name="com.qa.tests.LoginTests" time="12.149" errors="0" timestamp="2022-05-23T16:40:51 UYT" skipped="0">
  <testcase classname="com.qa.tests.LoginTests" name="invalidPassword" time="4.127"/>
  <system-out/>
  <testcase classname="com.qa.tests.LoginTests" name="invalidUserName" time="3.789"/>
  <system-out/>
  <testcase classname="com.qa.tests.LoginTests" name="successfulLogin" time="4.233"/>
  <system-out/>
</testsuite> <!-- com.qa.tests.LoginTests -->
