<?xml version="1.0" encoding="UTF-8"?>
<!-- Generated by org.testng.reporters.JUnitReportReporter -->
<testsuite hostname="LAP1180" failures="0" tests="3" name="com.qa.tests.LoginTests" time="9.634" errors="0" timestamp="2022-05-12T13:59:52 UYT" skipped="0">
  <testcase classname="com.qa.tests.LoginTests" name="invalidUserName" time="2.467"/>
  <system-out/>
  <testcase classname="com.qa.tests.LoginTests" name="invalidPassword" time="4.029"/>
  <system-out/>
  <testcase classname="com.qa.tests.LoginTests" name="successfulLogin" time="3.138"/>
  <system-out/>
</testsuite> <!-- com.qa.tests.LoginTests -->
