<?xml version="1.0" encoding="UTF-8"?>
<!-- Generated by org.testng.reporters.JUnitReportReporter -->
<testsuite hostname="LAT00145.local" failures="0" tests="1" name="com.qa.tests.LogoutTest" time="4.931" errors="0" timestamp="2022-06-06T23:52:29 UYT" skipped="0">
  <testcase classname="com.qa.tests.LogoutTest" name="successfulLogout" time="4.931"/>
  <system-out/>
</testsuite> <!-- com.qa.tests.LogoutTest -->
