<?xml version="1.0" encoding="UTF-8"?>
<!-- Generated by org.testng.reporters.JUnitReportReporter -->
<testsuite hostname="LAP1180" failures="0" tests="3" name="com.qa.tests.LoginTests" time="12.822" errors="0" timestamp="2022-05-19T13:16:59 UYT" skipped="0">
  <testcase classname="com.qa.tests.LoginTests" name="successfulLogin" time="4.139"/>
  <system-out/>
  <testcase classname="com.qa.tests.LoginTests" name="invalidUserName" time="2.632"/>
  <system-out/>
  <testcase classname="com.qa.tests.LoginTests" name="invalidPassword" time="6.051"/>
  <system-out/>
</testsuite> <!-- com.qa.tests.LoginTests -->
