<?xml version="1.0" encoding="UTF-8"?>
<!-- Generated by org.testng.reporters.JUnitReportReporter -->
<testsuite hostname="LAP0341.local" failures="0" tests="3" name="com.qa.tests.ProductTest" time="0.002" errors="1" timestamp="2022-05-29T01:39:02 UYT" skipped="2">
  <testcase classname="com.qa.tests.ProductTest" name="validateProductOnProductPage" time="0.000">
    <skipped/>
  </testcase> <!-- validateProductOnProductPage -->
  <system-out/>
  <testcase classname="com.qa.tests.ProductTest" name="beforeClass" time="0.002">
    <error message="Cannot invoke &quot;io.appium.java_client.InteractsWithApps.closeApp()&quot; because &quot;com.qa.BaseTest.driver&quot; is null" type="java.lang.NullPointerException">
      <![CDATA[java.lang.NullPointerException: Cannot invoke "io.appium.java_client.InteractsWithApps.closeApp()" because "com.qa.BaseTest.driver" is null
at com.qa.BaseTest.closeApp(BaseTest.java:267)
at com.qa.tests.ProductTest.beforeClass(ProductTest.java:61)
at java.base/jdk.internal.reflect.DirectMethodHandleAccessor.invoke(DirectMethodHandleAccessor.java:104)
at java.base/java.lang.reflect.Method.invoke(Method.java:577)
at org.testng.internal.MethodInvocationHelper.invokeMethod(MethodInvocationHelper.java:133)
at org.testng.internal.MethodInvocationHelper.invokeMethodConsideringTimeout(MethodInvocationHelper.java:62)
at org.testng.internal.ConfigInvoker.invokeConfigurationMethod(ConfigInvoker.java:385)
at org.testng.internal.ConfigInvoker.invokeConfigurations(ConfigInvoker.java:321)
at org.testng.internal.TestMethodWorker.invokeBeforeClassMethods(TestMethodWorker.java:176)
at org.testng.internal.TestMethodWorker.run(TestMethodWorker.java:122)
at java.base/java.util.ArrayList.forEach(ArrayList.java:1511)
at org.testng.TestRunner.privateRun(TestRunner.java:794)
at org.testng.TestRunner.run(TestRunner.java:596)
at org.testng.SuiteRunner.runTest(SuiteRunner.java:377)
at org.testng.SuiteRunner.access$000(SuiteRunner.java:28)
at org.testng.SuiteRunner$SuiteWorker.run(SuiteRunner.java:418)
at org.testng.internal.thread.ThreadUtil.lambda$execute$0(ThreadUtil.java:64)
at java.base/java.util.concurrent.FutureTask.run(FutureTask.java:264)
at java.base/java.util.concurrent.ThreadPoolExecutor.runWorker(ThreadPoolExecutor.java:1136)
at java.base/java.util.concurrent.ThreadPoolExecutor$Worker.run(ThreadPoolExecutor.java:635)
at java.base/java.lang.Thread.run(Thread.java:833)
]]>
    </error>
  </testcase> <!-- beforeClass -->
  <system-out/>
  <testcase classname="com.qa.tests.ProductTest" name="validateProductOnProductDetails" time="0.000">
    <skipped/>
  </testcase> <!-- validateProductOnProductDetails -->
  <system-out/>
</testsuite> <!-- com.qa.tests.ProductTest -->
