<?xml version="1.0" encoding="UTF-8"?>
<!-- Generated by org.testng.reporters.JUnitReportReporter -->
<testsuite hostname="LAT00145.local" failures="0" tests="3" name="com.qa.tests.LoginTests" time="16.607" errors="0" timestamp="2022-06-06T23:52:29 UYT" skipped="0">
  <testcase classname="com.qa.tests.LoginTests" name="invalidUserName" time="4.528"/>
  <system-out/>
  <testcase classname="com.qa.tests.LoginTests" name="invalidPassword" time="5.966"/>
  <system-out/>
  <testcase classname="com.qa.tests.LoginTests" name="successfulLogin" time="6.113"/>
  <system-out/>
</testsuite> <!-- com.qa.tests.LoginTests -->
