<?xml version="1.0" encoding="UTF-8"?>
<!-- Generated by org.testng.reporters.JUnitReportReporter -->
<<<<<<< HEAD
<testsuite hostname="LAP1180" failures="0" tests="3" name="com.qa.tests.LoginTests" time="12.822" errors="0" timestamp="2022-05-19T13:16:59 UYT" skipped="0">
  <testcase classname="com.qa.tests.LoginTests" name="successfulLogin" time="4.139"/>
  <system-out/>
  <testcase classname="com.qa.tests.LoginTests" name="invalidUserName" time="2.632"/>
  <system-out/>
  <testcase classname="com.qa.tests.LoginTests" name="invalidPassword" time="6.051"/>
=======
<testsuite hostname="LAP0341.local" failures="0" tests="3" name="com.qa.tests.LoginTests" time="9.590" errors="0" timestamp="2022-05-17T14:19:05 UYT" skipped="0">
  <testcase classname="com.qa.tests.LoginTests" name="invalidPassword" time="3.932"/>
  <system-out/>
  <testcase classname="com.qa.tests.LoginTests" name="invalidUserName" time="2.603"/>
  <system-out/>
  <testcase classname="com.qa.tests.LoginTests" name="successfulLogin" time="3.055"/>
>>>>>>> a64215669b0a8d75792e603027fb4d803b968fff
  <system-out/>
</testsuite> <!-- com.qa.tests.LoginTests -->
