<?xml version="1.0" encoding="UTF-8"?>
<!-- Generated by org.testng.reporters.JUnitReportReporter -->
<testsuite hostname="LAP1180" failures="0" tests="3" name="com.qa.tests.LoginTests" time="13.230" errors="0" timestamp="2022-05-23T17:30:19 UYT" skipped="0">
  <testcase classname="com.qa.tests.LoginTests" name="successfulLogin" time="4.763"/>
  <system-out/>
  <testcase classname="com.qa.tests.LoginTests" name="invalidPassword" time="4.800"/>
  <system-out/>
  <testcase classname="com.qa.tests.LoginTests" name="invalidUserName" time="3.667"/>
  <system-out/>
</testsuite> <!-- com.qa.tests.LoginTests -->
