<?xml version="1.0" encoding="UTF-8"?>
<!-- Generated by org.testng.reporters.JUnitReportReporter -->
<testsuite hostname="LAP1180" failures="0" tests="3" name="com.qa.tests.LoginTests" time="12.256" errors="0" timestamp="2022-05-20T17:35:00 UYT" skipped="0">
  <testcase classname="com.qa.tests.LoginTests" name="invalidUserName" time="3.507"/>
  <system-out/>
  <testcase classname="com.qa.tests.LoginTests" name="invalidPassword" time="4.623"/>
  <system-out/>
  <testcase classname="com.qa.tests.LoginTests" name="successfulLogin" time="4.126"/>
  <system-out/>
</testsuite> <!-- com.qa.tests.LoginTests -->
