<?xml version="1.0" encoding="UTF-8"?>
<!-- Generated by org.testng.reporters.JUnitReportReporter -->
<testsuite hostname="LAP1180" failures="0" tests="3" name="com.qa.tests.LoginTests" time="9.164" errors="0" timestamp="2022-05-12T15:21:04 UYT" skipped="0">
  <testcase classname="com.qa.tests.LoginTests" name="invalidUserName" time="2.520"/>
  <system-out/>
  <testcase classname="com.qa.tests.LoginTests" name="invalidPassword" time="3.312"/>
  <system-out/>
  <testcase classname="com.qa.tests.LoginTests" name="successfulLogin" time="3.332"/>
  <system-out/>
</testsuite> <!-- com.qa.tests.LoginTests -->
