<?xml version="1.0" encoding="UTF-8"?>
<!-- Generated by org.testng.reporters.JUnitReportReporter -->
<testsuite hostname="DESKTOP-0743KQF" failures="0" tests="3" name="com.qa.tests.LoginTests" time="17.304" errors="0" timestamp="2022-05-17T22:17:43 UYT" skipped="0">
  <testcase classname="com.qa.tests.LoginTests" name="invalidPassword" time="8.635"/>
  <system-out/>
  <testcase classname="com.qa.tests.LoginTests" name="invalidUserName" time="2.661"/>
  <system-out/>
  <testcase classname="com.qa.tests.LoginTests" name="successfulLogin" time="6.008"/>
  <system-out/>
</testsuite> <!-- com.qa.tests.LoginTests -->
