<?xml version="1.0" encoding="UTF-8"?>
<!-- Generated by org.testng.reporters.JUnitReportReporter -->
<testsuite hostname="LAP1180" failures="0" tests="3" name="com.qa.tests.LoginTests" time="18.724" errors="0" timestamp="2022-05-26T11:55:20 UYT" skipped="0">
  <testcase classname="com.qa.tests.LoginTests" name="invalidUserName" time="5.339"/>
  <system-out/>
  <testcase classname="com.qa.tests.LoginTests" name="successfulLogin" time="6.378"/>
  <system-out/>
  <testcase classname="com.qa.tests.LoginTests" name="invalidPassword" time="7.007"/>
  <system-out/>
</testsuite> <!-- com.qa.tests.LoginTests -->
