<?xml version="1.0" encoding="UTF-8"?>
<!-- Generated by org.testng.reporters.JUnitReportReporter -->
<testsuite hostname="LAP0341.local" failures="0" tests="3" name="com.qa.tests.LoginTests" time="10.953" errors="0" timestamp="2022-05-30T21:06:40 UYT" skipped="0">
  <testcase classname="com.qa.tests.LoginTests" name="invalidPassword" time="5.638"/>
  <system-out/>
  <testcase classname="com.qa.tests.LoginTests" name="successfulLogin" time="3.266"/>
  <system-out/>
  <testcase classname="com.qa.tests.LoginTests" name="invalidUserName" time="2.049"/>
  <system-out/>
</testsuite> <!-- com.qa.tests.LoginTests -->
